<?xml version="1.0" encoding="UTF-8"?>
<!-- Generated by org.testng.reporters.JUnitReportReporter -->
<testsuite hostname="karthik-PC" name="com.mentoring.tests.TestCalculator" tests="20" failures="0" timestamp="17 Jan 2018 02:18:09 GMT" time="0.032" errors="0">
  <testcase name="multiplication" time="0.002" classname="com.mentoring.tests.TestCalculator"/>
  <testcase name="subtract" time="0.002" classname="com.mentoring.tests.TestCalculator"/>
  <testcase name="multiplication" time="0.000" classname="com.mentoring.tests.TestCalculator"/>
  <testcase name="division" time="0.000" classname="com.mentoring.tests.TestCalculator"/>
  <testcase name="subtract" time="0.001" classname="com.mentoring.tests.TestCalculator"/>
  <testcase name="divisionByZero" time="0.000" classname="com.mentoring.tests.TestCalculator"/>
  <testcase name="multiplication" time="0.003" classname="com.mentoring.tests.TestCalculator"/>
  <testcase name="division" time="0.002" classname="com.mentoring.tests.TestCalculator"/>
  <testcase name="divisionByZero" time="0.001" classname="com.mentoring.tests.TestCalculator"/>
  <testcase name="addition" time="0.000" classname="com.mentoring.tests.TestCalculator"/>
  <testcase name="squareRoot" time="0.001" classname="com.mentoring.tests.TestCalculator"/>
  <testcase name="addition" time="0.003" classname="com.mentoring.tests.TestCalculator"/>
  <testcase name="addition" time="0.001" classname="com.mentoring.tests.TestCalculator"/>
  <testcase name="division" time="0.000" classname="com.mentoring.tests.TestCalculator"/>
  <testcase name="addition" time="0.000" classname="com.mentoring.tests.TestCalculator"/>
  <testcase name="multiplication" time="0.001" classname="com.mentoring.tests.TestCalculator"/>
  <testcase name="division" time="0.005" classname="com.mentoring.tests.TestCalculator"/>
  <testcase name="subtract" time="0.009" classname="com.mentoring.tests.TestCalculator"/>
  <testcase name="subtract" time="0.001" classname="com.mentoring.tests.TestCalculator"/>
  <testcase name="squareRoot" time="0.000" classname="com.mentoring.tests.TestCalculator"/>
</testsuite> <!-- com.mentoring.tests.TestCalculator -->
